<?xml version="1.0" encoding="UTF-8"?>
<!-- Generated by org.testng.reporters.JUnitXMLReporter -->
<testsuite ignored="1" hostname="LAPTOP-V6IKDN3V" failures="1" tests="1" name="Test" time="1.03" errors="0" timestamp="2026-03-23T21:59:01 IST">
  <testcase classname="testScript.BaseTest" name="tc001" time="0.013">
    <failure type="java.lang.AssertionError" message="null">
      <![CDATA[java.lang.AssertionError: null
at testScript.BaseTest.tc001(BaseTest.java:16)
at java.base/java.util.ArrayList.forEach(ArrayList.java:1596)
... Removed 27 stack frames]]>
    </failure>
  </testcase> <!-- tc001 -->
  <testcase classname="testScript.BaseTest" name="tc002" time="0.0">
    <ignored/>
  </testcase> <!-- tc002 -->
</testsuite> <!-- Test -->
