<?xml version="1.0" encoding="UTF-8"?>
<testng-results ignored="0" total="1" passed="1" failed="0" skipped="0">
  <reporter-output>
  </reporter-output>
  <suite started-at="2026-03-09T22:19:16 IST" name="Default suite" finished-at="2026-03-09T22:19:23 IST" duration-ms="6877">
    <groups>
    </groups>
    <test started-at="2026-03-09T22:19:16 IST" name="Default test" finished-at="2026-03-09T22:19:23 IST" duration-ms="6877">
      <class name="testScript.BaseTest">
        <test-method signature="tc001()[pri:0, instance:testScript.BaseTest@3590fc5b]" started-at="2026-03-09T22:19:16 IST" name="tc001" finished-at="2026-03-09T22:19:22 IST" duration-ms="6790" status="PASS">
          <reporter-output>
          </reporter-output>
        </test-method> <!-- tc001 -->
      </class> <!-- testScript.BaseTest -->
    </test> <!-- Default test -->
  </suite> <!-- Default suite -->
</testng-results>
