<?xml version="1.0" encoding="UTF-8"?>
<testng-results ignored="1" total="2" passed="1" failed="0" skipped="0">
  <reporter-output>
  </reporter-output>
  <suite started-at="2026-03-16T22:56:57 IST" name="Default suite" finished-at="2026-03-16T22:57:06 IST" duration-ms="9077">
    <groups>
    </groups>
    <test started-at="2026-03-16T22:56:57 IST" name="Default test" finished-at="2026-03-16T22:57:06 IST" duration-ms="9077">
      <class name="testScript.BaseTest">
        <test-method signature="tc001(java.lang.String,java.lang.String)[pri:0, instance:testScript.BaseTest@7e6f74c]" started-at="2026-03-16T22:56:58 IST" name="tc001" data-provider="excelData" finished-at="2026-03-16T22:57:06 IST" duration-ms="7440" status="PASS">
          <params>
            <param index="0">
              <value>
                <![CDATA[User1]]>
              </value>
            </param>
            <param index="1">
              <value>
                <![CDATA[Pass1]]>
              </value>
            </param>
          </params>
          <reporter-output>
          </reporter-output>
        </test-method> <!-- tc001 -->
      </class> <!-- testScript.BaseTest -->
    </test> <!-- Default test -->
  </suite> <!-- Default suite -->
</testng-results>
